<?xml version="1.0" encoding="UTF-8"?>
<testsuite xmlns:xsi="http://www.w3.org/2001/XMLSchema-instance" xsi:noNamespaceSchemaLocation="https://maven.apache.org/surefire/maven-surefire-plugin/xsd/surefire-test-report.xsd" name="com.goanna.app.AppTest" time="0.106" tests="1" errors="0" skipped="0" failures="0">
  <properties>
    <property name="sun.desktop" value="windows"/>
    <property name="awt.toolkit" value="sun.awt.windows.WToolkit"/>
    <property name="file.encoding.pkg" value="sun.io"/>
    <property name="java.specification.version" value="1.8"/>
    <property name="sun.cpu.isalist" value="amd64"/>
    <property name="sun.jnu.encoding" value="Cp1252"/>
    <property name="java.class.path" value="C:\Users\UST-User\my-app\target\test-classes;C:\Users\UST-User\my-app\target\classes;C:\Users\UST-User\.m2\repository\junit\junit\4.11\junit-4.11.jar;C:\Users\UST-User\.m2\repository\org\hamcrest\hamcrest-core\1.3\hamcrest-core-1.3.jar;"/>
    <property name="java.vm.vendor" value="Oracle Corporation"/>
    <property name="sun.arch.data.model" value="64"/>
    <property name="user.variant" value=""/>
    <property name="java.vendor.url" value="http://java.oracle.com/"/>
    <property name="user.timezone" value="Australia/Sydney"/>
    <property name="java.vm.specification.version" value="1.8"/>
    <property name="os.name" value="Windows 10"/>
    <property name="user.country" value="AU"/>
    <property name="sun.java.launcher" value="SUN_STANDARD"/>
    <property name="sun.boot.library.path" value="C:\Installations\JRE\bin"/>
    <property name="sun.java.command" value="C:\Users\UST-User\AppData\Local\Temp\surefire7389264698231880560\surefirebooter4595326271147428407.jar C:\Users\UST-User\AppData\Local\Temp\surefire7389264698231880560 2021-08-02T14-56-25_736-jvmRun1 surefire4343525709705243525tmp surefire_08877517021205854342tmp"/>
    <property name="surefire.test.class.path" value="C:\Users\UST-User\my-app\target\test-classes;C:\Users\UST-User\my-app\target\classes;C:\Users\UST-User\.m2\repository\junit\junit\4.11\junit-4.11.jar;C:\Users\UST-User\.m2\repository\org\hamcrest\hamcrest-core\1.3\hamcrest-core-1.3.jar;"/>
    <property name="sun.cpu.endian" value="little"/>
    <property name="user.home" value="C:\Users\UST-User"/>
    <property name="user.language" value="en"/>
    <property name="java.specification.vendor" value="Oracle Corporation"/>
    <property name="java.home" value="C:\Installations\JRE"/>
    <property name="basedir" value="C:\Users\UST-User\my-app"/>
    <property name="file.separator" value="\"/>
    <property name="line.separator" value="&#10;"/>
    <property name="java.vm.specification.vendor" value="Oracle Corporation"/>
    <property name="java.specification.name" value="Java Platform API Specification"/>
    <property name="java.awt.graphicsenv" value="sun.awt.Win32GraphicsEnvironment"/>
    <property name="surefire.real.class.path" value="C:\Users\UST-User\AppData\Local\Temp\surefire7389264698231880560\surefirebooter4595326271147428407.jar"/>
    <property name="sun.boot.class.path" value="C:\Installations\JRE\lib\resources.jar;C:\Installations\JRE\lib\rt.jar;C:\Installations\JRE\lib\sunrsasign.jar;C:\Installations\JRE\lib\jsse.jar;C:\Installations\JRE\lib\jce.jar;C:\Installations\JRE\lib\charsets.jar;C:\Installations\JRE\lib\jfr.jar;C:\Installations\JRE\classes"/>
    <property name="user.script" value=""/>
    <property name="sun.management.compiler" value="HotSpot 64-Bit Tiered Compilers"/>
    <property name="java.runtime.version" value="1.8.0_281-b09"/>
    <property name="user.name" value="UST-User"/>
    <property name="path.separator" value=";"/>
    <property name="os.version" value="10.0"/>
    <property name="java.endorsed.dirs" value="C:\Installations\JRE\lib\endorsed"/>
    <property name="java.runtime.name" value="Java(TM) SE Runtime Environment"/>
    <property name="file.encoding" value="Cp1252"/>
    <property name="java.vm.name" value="Java HotSpot(TM) 64-Bit Server VM"/>
    <property name="localRepository" value="C:\Users\UST-User\.m2\repository"/>
    <property name="java.vendor.url.bug" value="http://bugreport.sun.com/bugreport/"/>
    <property name="java.io.tmpdir" value="C:\Users\UST-User\AppData\Local\Temp\"/>
    <property name="java.version" value="1.8.0_281"/>
    <property name="user.dir" value="C:\Users\UST-User\my-app"/>
    <property name="os.arch" value="amd64"/>
    <property name="java.vm.specification.name" value="Java Virtual Machine Specification"/>
    <property name="java.awt.printerjob" value="sun.awt.windows.WPrinterJob"/>
    <property name="sun.os.patch.level" value=""/>
    <property name="java.library.path" value="C:\Installations\JRE\bin;C:\Windows\Sun\Java\bin;C:\Windows\system32;C:\Windows;C:\Program Files (x86)\Common Files\Oracle\Java\javapath;C:\Windows\system32;C:\Windows;C:\Windows\System32\Wbem;C:\Windows\System32\WindowsPowerShell\v1.0\;C:\Windows\System32\OpenSSH\;C:\Installations\apache-maven-3.6.3\bin;C:\Users\UST-User\AppData\Local\Microsoft\WindowsApps;C:\Users\UST-User\AppData\Local\Programs\Microsoft VS Code\bin;C:\Users\UST-User\AppData\Local\Programs\Git\cmd;C:\Users\UST-User\Desktop\node-v16.0.0-win-x64;;."/>
    <property name="java.vm.info" value="mixed mode"/>
    <property name="java.vendor" value="Oracle Corporation"/>
    <property name="java.vm.version" value="25.281-b09"/>
    <property name="java.ext.dirs" value="C:\Installations\JRE\lib\ext;C:\Windows\Sun\Java\lib\ext"/>
    <property name="sun.io.unicode.encoding" value="UnicodeLittle"/>
    <property name="java.class.version" value="52.0"/>
  </properties>
  <testcase name="shouldAnswerWithTrue" classname="com.goanna.app.AppTest" time="0.002"/>
</testsuite>